0 silly argv {
0 silly argv   _: [ 'run' ],
0 silly argv   parallel: true,
0 silly argv   lernaVersion: '3.20.2',
0 silly argv   '$0': '/Users/nlewis/Development/longhollow-apollos/node_modules/.bin/lerna',
0 silly argv   script: 'start:dev'
0 silly argv }
1 notice cli v3.20.2
2 verbose rootPath /Users/nlewis/Development/longhollow-apollos
3 info Executing command in 2 packages: "npm run start:dev"
4 silly npmRunScript.stream [ 'start:dev', [], 'apollos-church-api' ]
5 silly getExecOpts /Users/nlewis/Development/longhollow-apollos/apollos-church-api undefined
6 silly npmRunScript.stream [ 'start:dev', [], 'apolloschurchapp' ]
7 silly getExecOpts /Users/nlewis/Development/longhollow-apollos/apolloschurchapp undefined
8 error MaxBufferError: stdout maxBuffer exceeded
8 error     at PassThrough.<anonymous> (/Users/nlewis/Development/longhollow-apollos/node_modules/lerna/node_modules/get-stream/index.js:41:19)
8 error     at PassThrough.emit (events.js:326:22)
8 error     at addChunk (_stream_readable.js:297:12)
8 error     at readableAddChunk (_stream_readable.js:268:11)
8 error     at PassThrough.Readable.push (_stream_readable.js:213:10)
8 error     at PassThrough.Transform.push (_stream_transform.js:152:32)
8 error     at PassThrough.afterTransform (_stream_transform.js:96:10)
8 error     at PassThrough._transform (_stream_passthrough.js:46:3)
8 error     at PassThrough.Transform._read (_stream_transform.js:191:10)
